<?xml version="1.0"?>
<Settings>
	<Type>CS</Type>
	<ICON>{FC9575F8-4F93-4177-B845-85548C79EB3E}</ICON>
	<Group Name="Misc" Description="Configuration properties">
		<Property Name="PathType" ID="#PATHTYPE#" Caption="Path Type" Type="Collection" PropertyRelationship="" Description="Determine the pathe type" Value="Relative">
			<Option Value="Absolute"/>
			<Option Value="Relative"/>
		</Property>
		<Property Name="TargetPath" ID="#TARGETPATH#" Caption="Target Path" Type="Folder" PropertyRelationship="PathType" Description="The target path where code will be generated"  Value="" />
		<Property Name="PrefixTargetFileName" ID="#PREFIXTARGETFILENAME#" Caption="Prefix Target File Name" Type="String" PropertyRelationship="" Description="When 'Engine' is 'Per Table' plus this suffix in the file's name"  Value="" />
		<Property Name="SuffixTargetFileName" ID="#SUFFIXTARGETFILENAME#" Caption="Suffix Target File Name" Type="String" PropertyRelationship="" Description="When 'Engine' is 'Per Table' plus this suffix in the file's name"  Value="Controller" />
		<Property Name="DatabaseProvider" ID="#USINGPROVIDER#" Caption="Database Provider" Type="DynamicColletion-DT" PropertyRelationship="" Description="Database used to generate the class file"  Value="Database" />
		<Property Name="PrefixTable" ID="#PREFIXTABLE#" Caption="Prefix Table" Type="Numeric" PropertyRelationship="" Description="Size of prefix in name table  that will be removed to compose the name of the class"  Value="" />
		<Property Name="Engine" ID="#ENGINE#" Caption="Engine" Type="Collection" PropertyRelationship="" Description="Determine if this file will be generated once and with this name (standalone) or generated for each table (per table)." Value="Per table">
			<Option Value="Standalone"/>
			<Option Value="Per table"/>
		</Property>
	</Group>
</Settings>
